Flow report for t_vga_v1
Mon Nov 23 09:26:45 2015
Quartus II 32-bit Version 13.0.1 Build 232 06/12/2013 Service Pack 1 SJ Web Edition


---------------------
; Table of Contents ;
---------------------
  1. Legal Notice
  2. Flow Summary
  3. Flow Settings
  4. Flow Non-Default Global Settings
  5. Flow Elapsed Time
  6. Flow OS Summary
  7. Flow Log
  8. Flow Messages
  9. Flow Suppressed Messages



----------------
; Legal Notice ;
----------------
Copyright (C) 1991-2013 Altera Corporation
Your use of Altera Corporation's design tools, logic functions 
and other software and tools, and its AMPP partner logic 
functions, and any output files from any of the foregoing 
(including device programming or simulation files), and any 
associated documentation or information are expressly subject 
to the terms and conditions of the Altera Program License 
Subscription Agreement, Altera MegaCore Function License 
Agreement, or other applicable license agreement, including, 
without limitation, that your use is for the sole purpose of 
programming logic devices manufactured by Altera and sold by 
Altera or its authorized distributors.  Please refer to the 
applicable agreement for further details.



+--------------------------------------------------------------------------------------+
; Flow Summary                                                                         ;
+------------------------------------+-------------------------------------------------+
; Flow Status                        ; Successful - Mon Nov 23 09:26:45 2015           ;
; Quartus II 32-bit Version          ; 13.0.1 Build 232 06/12/2013 SP 1 SJ Web Edition ;
; Revision Name                      ; t_vga_v1                                        ;
; Top-level Entity Name              ; top_module                                      ;
; Family                             ; Cyclone II                                      ;
; Device                             ; EP2C20F484C7                                    ;
; Timing Models                      ; Final                                           ;
; Total logic elements               ; 4,445 / 18,752 ( 24 % )                         ;
;     Total combinational functions  ; 4,071 / 18,752 ( 22 % )                         ;
;     Dedicated logic registers      ; 2,630 / 18,752 ( 14 % )                         ;
; Total registers                    ; 2698                                            ;
; Total pins                         ; 133 / 315 ( 42 % )                              ;
; Total virtual pins                 ; 0                                               ;
; Total memory bits                  ; 177,408 / 239,616 ( 74 % )                      ;
; Embedded Multiplier 9-bit elements ; 0 / 52 ( 0 % )                                  ;
; Total PLLs                         ; 1 / 4 ( 25 % )                                  ;
+------------------------------------+-------------------------------------------------+


+-----------------------------------------+
; Flow Settings                           ;
+-------------------+---------------------+
; Option            ; Setting             ;
+-------------------+---------------------+
; Start date & time ; 11/23/2015 09:24:51 ;
; Main task         ; Compilation         ;
; Revision Name     ; t_vga_v1            ;
+-------------------+---------------------+


+---------------------------------------------------------------------------------------------------------------------------------------------------------------------+
; Flow Non-Default Global Settings                                                                                                                                    ;
+-------------------------------------+------------------------------------------------------------+---------------+---------------------------------+----------------+
; Assignment Name                     ; Value                                                      ; Default Value ; Entity Name                     ; Section Id     ;
+-------------------------------------+------------------------------------------------------------+---------------+---------------------------------+----------------+
; COMPILER_SIGNATURE_ID               ; 8871634594973.144824549001952                              ; --            ; --                              ; --             ;
; EDA_OUTPUT_DATA_FORMAT              ; Verilog Hdl                                                ; --            ; --                              ; eda_simulation ;
; EDA_SIMULATION_TOOL                 ; ModelSim-Altera (Verilog)                                  ; <None>        ; --                              ; --             ;
; EDA_TIME_SCALE                      ; 1 ps                                                       ; --            ; --                              ; eda_simulation ;
; IP_TOOL_ENV                         ; Qsys                                                       ; --            ; altera_avalon_sc_fifo           ; --             ;
; IP_TOOL_ENV                         ; Qsys                                                       ; --            ; altera_merlin_burst_adapter     ; --             ;
; IP_TOOL_ENV                         ; Qsys                                                       ; --            ; altera_merlin_master_agent      ; --             ;
; IP_TOOL_ENV                         ; Qsys                                                       ; --            ; altera_merlin_master_translator ; --             ;
; IP_TOOL_ENV                         ; Qsys                                                       ; --            ; altera_merlin_slave_agent       ; --             ;
; IP_TOOL_ENV                         ; Qsys                                                       ; --            ; altera_merlin_slave_translator  ; --             ;
; IP_TOOL_ENV                         ; Qsys                                                       ; --            ; altera_merlin_width_adapter     ; --             ;
; IP_TOOL_ENV                         ; Qsys                                                       ; --            ; altera_reset_controller         ; --             ;
; IP_TOOL_ENV                         ; Qsys                                                       ; --            ; --                              ; --             ;
; IP_TOOL_ENV                         ; Qsys                                                       ; --            ; t_vga_v1_LEDS                   ; --             ;
; IP_TOOL_ENV                         ; Qsys                                                       ; --            ; t_vga_v1_SW                     ; --             ;
; IP_TOOL_ENV                         ; Qsys                                                       ; --            ; t_vga_v1_addr_router            ; --             ;
; IP_TOOL_ENV                         ; Qsys                                                       ; --            ; t_vga_v1_addr_router_002        ; --             ;
; IP_TOOL_ENV                         ; Qsys                                                       ; --            ; t_vga_v1_clk2nios               ; --             ;
; IP_TOOL_ENV                         ; Qsys                                                       ; --            ; t_vga_v1_cmd_xbar_demux         ; --             ;
; IP_TOOL_ENV                         ; Qsys                                                       ; --            ; t_vga_v1_cmd_xbar_demux_002     ; --             ;
; IP_TOOL_ENV                         ; Qsys                                                       ; --            ; t_vga_v1_cmd_xbar_mux           ; --             ;
; IP_TOOL_ENV                         ; Qsys                                                       ; --            ; t_vga_v1_cmd_xbar_mux_003       ; --             ;
; IP_TOOL_ENV                         ; Qsys                                                       ; --            ; t_vga_v1_cmd_xbar_mux_004       ; --             ;
; IP_TOOL_ENV                         ; Qsys                                                       ; --            ; t_vga_v1_cpu_v1                 ; --             ;
; IP_TOOL_ENV                         ; Qsys                                                       ; --            ; t_vga_v1_data2nios              ; --             ;
; IP_TOOL_ENV                         ; Qsys                                                       ; --            ; t_vga_v1_id_router              ; --             ;
; IP_TOOL_ENV                         ; Qsys                                                       ; --            ; t_vga_v1_id_router_003          ; --             ;
; IP_TOOL_ENV                         ; Qsys                                                       ; --            ; t_vga_v1_id_router_004          ; --             ;
; IP_TOOL_ENV                         ; Qsys                                                       ; --            ; t_vga_v1_image1                 ; --             ;
; IP_TOOL_ENV                         ; Qsys                                                       ; --            ; t_vga_v1_irq_mapper             ; --             ;
; IP_TOOL_ENV                         ; Qsys                                                       ; --            ; t_vga_v1_jtag_uart_0            ; --             ;
; IP_TOOL_ENV                         ; Qsys                                                       ; --            ; t_vga_v1_ram_onchip_memory      ; --             ;
; IP_TOOL_ENV                         ; Qsys                                                       ; --            ; t_vga_v1_reset                  ; --             ;
; IP_TOOL_ENV                         ; Qsys                                                       ; --            ; t_vga_v1_rsp_xbar_demux         ; --             ;
; IP_TOOL_ENV                         ; Qsys                                                       ; --            ; t_vga_v1_rsp_xbar_demux_003     ; --             ;
; IP_TOOL_ENV                         ; Qsys                                                       ; --            ; t_vga_v1_rsp_xbar_demux_004     ; --             ;
; IP_TOOL_ENV                         ; Qsys                                                       ; --            ; t_vga_v1_rsp_xbar_mux           ; --             ;
; IP_TOOL_ENV                         ; Qsys                                                       ; --            ; t_vga_v1_sdram_controller       ; --             ;
; IP_TOOL_ENV                         ; Qsys                                                       ; --            ; t_vga_v1_sysid                  ; --             ;
; IP_TOOL_NAME                        ; altera_avalon_sc_fifo                                      ; --            ; altera_avalon_sc_fifo           ; --             ;
; IP_TOOL_NAME                        ; altera_merlin_burst_adapter                                ; --            ; altera_merlin_burst_adapter     ; --             ;
; IP_TOOL_NAME                        ; altera_merlin_master_agent                                 ; --            ; altera_merlin_master_agent      ; --             ;
; IP_TOOL_NAME                        ; altera_merlin_master_translator                            ; --            ; altera_merlin_master_translator ; --             ;
; IP_TOOL_NAME                        ; altera_merlin_slave_agent                                  ; --            ; altera_merlin_slave_agent       ; --             ;
; IP_TOOL_NAME                        ; altera_merlin_slave_translator                             ; --            ; altera_merlin_slave_translator  ; --             ;
; IP_TOOL_NAME                        ; altera_merlin_width_adapter                                ; --            ; altera_merlin_width_adapter     ; --             ;
; IP_TOOL_NAME                        ; altera_reset_controller                                    ; --            ; altera_reset_controller         ; --             ;
; IP_TOOL_NAME                        ; Qsys                                                       ; --            ; --                              ; --             ;
; IP_TOOL_NAME                        ; altera_avalon_pio                                          ; --            ; t_vga_v1_LEDS                   ; --             ;
; IP_TOOL_NAME                        ; altera_avalon_pio                                          ; --            ; t_vga_v1_SW                     ; --             ;
; IP_TOOL_NAME                        ; altera_merlin_router                                       ; --            ; t_vga_v1_addr_router            ; --             ;
; IP_TOOL_NAME                        ; altera_merlin_router                                       ; --            ; t_vga_v1_addr_router_002        ; --             ;
; IP_TOOL_NAME                        ; altera_avalon_pio                                          ; --            ; t_vga_v1_clk2nios               ; --             ;
; IP_TOOL_NAME                        ; altera_merlin_demultiplexer                                ; --            ; t_vga_v1_cmd_xbar_demux         ; --             ;
; IP_TOOL_NAME                        ; altera_merlin_demultiplexer                                ; --            ; t_vga_v1_cmd_xbar_demux_002     ; --             ;
; IP_TOOL_NAME                        ; altera_merlin_multiplexer                                  ; --            ; t_vga_v1_cmd_xbar_mux           ; --             ;
; IP_TOOL_NAME                        ; altera_merlin_multiplexer                                  ; --            ; t_vga_v1_cmd_xbar_mux_003       ; --             ;
; IP_TOOL_NAME                        ; altera_merlin_multiplexer                                  ; --            ; t_vga_v1_cmd_xbar_mux_004       ; --             ;
; IP_TOOL_NAME                        ; altera_nios2_qsys                                          ; --            ; t_vga_v1_cpu_v1                 ; --             ;
; IP_TOOL_NAME                        ; altera_avalon_pio                                          ; --            ; t_vga_v1_data2nios              ; --             ;
; IP_TOOL_NAME                        ; altera_merlin_router                                       ; --            ; t_vga_v1_id_router              ; --             ;
; IP_TOOL_NAME                        ; altera_merlin_router                                       ; --            ; t_vga_v1_id_router_003          ; --             ;
; IP_TOOL_NAME                        ; altera_merlin_router                                       ; --            ; t_vga_v1_id_router_004          ; --             ;
; IP_TOOL_NAME                        ; altera_avalon_pio                                          ; --            ; t_vga_v1_image1                 ; --             ;
; IP_TOOL_NAME                        ; altera_irq_mapper                                          ; --            ; t_vga_v1_irq_mapper             ; --             ;
; IP_TOOL_NAME                        ; altera_avalon_jtag_uart                                    ; --            ; t_vga_v1_jtag_uart_0            ; --             ;
; IP_TOOL_NAME                        ; altera_avalon_onchip_memory2                               ; --            ; t_vga_v1_ram_onchip_memory      ; --             ;
; IP_TOOL_NAME                        ; altera_avalon_pio                                          ; --            ; t_vga_v1_reset                  ; --             ;
; IP_TOOL_NAME                        ; altera_merlin_demultiplexer                                ; --            ; t_vga_v1_rsp_xbar_demux         ; --             ;
; IP_TOOL_NAME                        ; altera_merlin_demultiplexer                                ; --            ; t_vga_v1_rsp_xbar_demux_003     ; --             ;
; IP_TOOL_NAME                        ; altera_merlin_demultiplexer                                ; --            ; t_vga_v1_rsp_xbar_demux_004     ; --             ;
; IP_TOOL_NAME                        ; altera_merlin_multiplexer                                  ; --            ; t_vga_v1_rsp_xbar_mux           ; --             ;
; IP_TOOL_NAME                        ; altera_avalon_new_sdram_controller                         ; --            ; t_vga_v1_sdram_controller       ; --             ;
; IP_TOOL_NAME                        ; altera_avalon_sysid_qsys                                   ; --            ; t_vga_v1_sysid                  ; --             ;
; IP_TOOL_VERSION                     ; 13.0                                                       ; --            ; altera_avalon_sc_fifo           ; --             ;
; IP_TOOL_VERSION                     ; 13.0                                                       ; --            ; altera_merlin_burst_adapter     ; --             ;
; IP_TOOL_VERSION                     ; 13.0                                                       ; --            ; altera_merlin_master_agent      ; --             ;
; IP_TOOL_VERSION                     ; 13.0                                                       ; --            ; altera_merlin_master_translator ; --             ;
; IP_TOOL_VERSION                     ; 13.0                                                       ; --            ; altera_merlin_slave_agent       ; --             ;
; IP_TOOL_VERSION                     ; 13.0                                                       ; --            ; altera_merlin_slave_translator  ; --             ;
; IP_TOOL_VERSION                     ; 13.0                                                       ; --            ; altera_merlin_width_adapter     ; --             ;
; IP_TOOL_VERSION                     ; 13.0                                                       ; --            ; altera_reset_controller         ; --             ;
; IP_TOOL_VERSION                     ; 13.0sp1                                                    ; --            ; --                              ; --             ;
; IP_TOOL_VERSION                     ; 13.0.1.99.2                                                ; --            ; t_vga_v1_LEDS                   ; --             ;
; IP_TOOL_VERSION                     ; 13.0.1.99.2                                                ; --            ; t_vga_v1_SW                     ; --             ;
; IP_TOOL_VERSION                     ; 13.0                                                       ; --            ; t_vga_v1_addr_router            ; --             ;
; IP_TOOL_VERSION                     ; 13.0                                                       ; --            ; t_vga_v1_addr_router_002        ; --             ;
; IP_TOOL_VERSION                     ; 13.0.1.99.2                                                ; --            ; t_vga_v1_clk2nios               ; --             ;
; IP_TOOL_VERSION                     ; 13.0                                                       ; --            ; t_vga_v1_cmd_xbar_demux         ; --             ;
; IP_TOOL_VERSION                     ; 13.0                                                       ; --            ; t_vga_v1_cmd_xbar_demux_002     ; --             ;
; IP_TOOL_VERSION                     ; 13.0                                                       ; --            ; t_vga_v1_cmd_xbar_mux           ; --             ;
; IP_TOOL_VERSION                     ; 13.0                                                       ; --            ; t_vga_v1_cmd_xbar_mux_003       ; --             ;
; IP_TOOL_VERSION                     ; 13.0                                                       ; --            ; t_vga_v1_cmd_xbar_mux_004       ; --             ;
; IP_TOOL_VERSION                     ; 13.0                                                       ; --            ; t_vga_v1_cpu_v1                 ; --             ;
; IP_TOOL_VERSION                     ; 13.0.1.99.2                                                ; --            ; t_vga_v1_data2nios              ; --             ;
; IP_TOOL_VERSION                     ; 13.0                                                       ; --            ; t_vga_v1_id_router              ; --             ;
; IP_TOOL_VERSION                     ; 13.0                                                       ; --            ; t_vga_v1_id_router_003          ; --             ;
; IP_TOOL_VERSION                     ; 13.0                                                       ; --            ; t_vga_v1_id_router_004          ; --             ;
; IP_TOOL_VERSION                     ; 13.0.1.99.2                                                ; --            ; t_vga_v1_image1                 ; --             ;
; IP_TOOL_VERSION                     ; 13.0                                                       ; --            ; t_vga_v1_irq_mapper             ; --             ;
; IP_TOOL_VERSION                     ; 13.0.1.99.2                                                ; --            ; t_vga_v1_jtag_uart_0            ; --             ;
; IP_TOOL_VERSION                     ; 13.0.1.99.2                                                ; --            ; t_vga_v1_ram_onchip_memory      ; --             ;
; IP_TOOL_VERSION                     ; 13.0.1.99.2                                                ; --            ; t_vga_v1_reset                  ; --             ;
; IP_TOOL_VERSION                     ; 13.0                                                       ; --            ; t_vga_v1_rsp_xbar_demux         ; --             ;
; IP_TOOL_VERSION                     ; 13.0                                                       ; --            ; t_vga_v1_rsp_xbar_demux_003     ; --             ;
; IP_TOOL_VERSION                     ; 13.0                                                       ; --            ; t_vga_v1_rsp_xbar_demux_004     ; --             ;
; IP_TOOL_VERSION                     ; 13.0                                                       ; --            ; t_vga_v1_rsp_xbar_mux           ; --             ;
; IP_TOOL_VERSION                     ; 13.0.1.99.2                                                ; --            ; t_vga_v1_sdram_controller       ; --             ;
; IP_TOOL_VERSION                     ; 13.0                                                       ; --            ; t_vga_v1_sysid                  ; --             ;
; MAX_CORE_JUNCTION_TEMP              ; 85                                                         ; --            ; --                              ; --             ;
; MIN_CORE_JUNCTION_TEMP              ; 0                                                          ; --            ; --                              ; --             ;
; MISC_FILE                           ; t_vga_v1/synthesis/../../t_vga_v1.cmp                      ; --            ; --                              ; --             ;
; MISC_FILE                           ; t_vga_v1/synthesis/../../t_vga_v1.qsys                     ; --            ; --                              ; --             ;
; PARTITION_COLOR                     ; 16764057                                                   ; --            ; top_module                      ; Top            ;
; PARTITION_FITTER_PRESERVATION_LEVEL ; PLACEMENT_AND_ROUTING                                      ; --            ; top_module                      ; Top            ;
; PARTITION_NETLIST_TYPE              ; SOURCE                                                     ; --            ; top_module                      ; Top            ;
; POWER_BOARD_THERMAL_MODEL           ; None (CONSERVATIVE)                                        ; --            ; --                              ; --             ;
; POWER_PRESET_COOLING_SOLUTION       ; 23 MM HEAT SINK WITH 200 LFPM AIRFLOW                      ; --            ; --                              ; --             ;
; PROJECT_OUTPUT_DIRECTORY            ; output_files                                               ; --            ; --                              ; --             ;
; SLD_INFO                            ; QSYS_NAME t_vga_v1 HAS_SOPCINFO 1 GENERATION_ID 1448245385 ; --            ; --                              ; --             ;
; SOPCINFO_FILE                       ; t_vga_v1/synthesis/../../t_vga_v1.sopcinfo                 ; --            ; --                              ; --             ;
; SYNTHESIS_ONLY_QIP                  ; On                                                         ; --            ; --                              ; --             ;
; TOP_LEVEL_ENTITY                    ; top_module                                                 ; t_vga_v1      ; --                              ; --             ;
+-------------------------------------+------------------------------------------------------------+---------------+---------------------------------+----------------+


+-------------------------------------------------------------------------------------------------------------------------------+
; Flow Elapsed Time                                                                                                             ;
+---------------------------+--------------+-------------------------+---------------------+------------------------------------+
; Module Name               ; Elapsed Time ; Average Processors Used ; Peak Virtual Memory ; Total CPU Time (on all processors) ;
+---------------------------+--------------+-------------------------+---------------------+------------------------------------+
; Analysis & Synthesis      ; 00:00:46     ; 1.0                     ; 510 MB              ; 00:00:38                           ;
; Fitter                    ; 00:00:38     ; 1.0                     ; 506 MB              ; 00:00:30                           ;
; Assembler                 ; 00:00:03     ; 1.0                     ; 387 MB              ; 00:00:03                           ;
; TimeQuest Timing Analyzer ; 00:00:03     ; 1.0                     ; 369 MB              ; 00:00:02                           ;
; EDA Netlist Writer        ; 00:00:04     ; 1.0                     ; 363 MB              ; 00:00:04                           ;
; Total                     ; 00:01:34     ; --                      ; --                  ; 00:01:17                           ;
+---------------------------+--------------+-------------------------+---------------------+------------------------------------+


+----------------------------------------------------------------------------------------+
; Flow OS Summary                                                                        ;
+---------------------------+------------------+-----------+------------+----------------+
; Module Name               ; Machine Hostname ; OS Name   ; OS Version ; Processor type ;
+---------------------------+------------------+-----------+------------+----------------+
; Analysis & Synthesis      ; Tuyen_BkPC       ; Windows 7 ; 6.1        ; x86_64         ;
; Fitter                    ; Tuyen_BkPC       ; Windows 7 ; 6.1        ; x86_64         ;
; Assembler                 ; Tuyen_BkPC       ; Windows 7 ; 6.1        ; x86_64         ;
; TimeQuest Timing Analyzer ; Tuyen_BkPC       ; Windows 7 ; 6.1        ; x86_64         ;
; EDA Netlist Writer        ; Tuyen_BkPC       ; Windows 7 ; 6.1        ; x86_64         ;
+---------------------------+------------------+-----------+------------+----------------+


------------
; Flow Log ;
------------
quartus_map --read_settings_files=on --write_settings_files=off t_vga_v1 -c t_vga_v1
quartus_fit --read_settings_files=off --write_settings_files=off t_vga_v1 -c t_vga_v1
quartus_asm --read_settings_files=off --write_settings_files=off t_vga_v1 -c t_vga_v1
quartus_sta t_vga_v1 -c t_vga_v1
quartus_eda --read_settings_files=off --write_settings_files=off t_vga_v1 -c t_vga_v1



